2023.07.18 16:21:40 INFO  Started: Metals version 0.11.12 in workspace '/home/nguyen/notes/languages/scala' for client Visual Studio Code 1.80.1.[0m
Jul 18, 2023 4:21:40 PM org.flywaydb.core.internal.license.VersionPrinter printVersionOnly
INFO: Flyway Community Edition 9.16.3 by Redgate
Jul 18, 2023 4:21:40 PM org.flywaydb.core.internal.license.VersionPrinter printVersion
INFO: See release notes here: https://rd.gt/416ObMi
Jul 18, 2023 4:21:40 PM org.flywaydb.core.internal.license.VersionPrinter printVersion
INFO: 
Jul 18, 2023 4:21:40 PM org.flywaydb.core.internal.database.base.BaseDatabaseType createDatabase
INFO: Database: jdbc:h2:file:/home/nguyen/notes/languages/scala/.metals/metals (H2 2.1)
Jul 18, 2023 4:21:40 PM org.flywaydb.core.internal.schemahistory.JdbcTableSchemaHistory allAppliedMigrations
INFO: Schema history table "PUBLIC"."flyway_schema_history" does not exist yet
Jul 18, 2023 4:21:40 PM org.flywaydb.core.internal.command.DbValidate validate
INFO: Successfully validated 4 migrations (execution time 00:00.012s)
Jul 18, 2023 4:21:40 PM org.flywaydb.core.internal.schemahistory.JdbcTableSchemaHistory create
INFO: Creating Schema History table "PUBLIC"."flyway_schema_history" ...
Jul 18, 2023 4:21:40 PM org.flywaydb.core.internal.command.DbMigrate migrateGroup
INFO: Current version of schema "PUBLIC": << Empty Schema >>
Jul 18, 2023 4:21:40 PM org.flywaydb.core.internal.command.DbMigrate doMigrateGroup
INFO: Migrating schema "PUBLIC" to version "1 - Create tables"
Jul 18, 2023 4:21:40 PM org.flywaydb.core.internal.command.DbMigrate doMigrateGroup
INFO: Migrating schema "PUBLIC" to version "2 - Server discovery"
Jul 18, 2023 4:21:40 PM org.flywaydb.core.internal.command.DbMigrate doMigrateGroup
INFO: Migrating schema "PUBLIC" to version "3 - Jar symbols"
Jul 18, 2023 4:21:40 PM org.flywaydb.core.internal.command.DbMigrate doMigrateGroup
INFO: Migrating schema "PUBLIC" to version "4 - Fingerprints"
Jul 18, 2023 4:21:40 PM org.flywaydb.core.internal.command.DbMigrate logSummary
INFO: Successfully applied 4 migrations to schema "PUBLIC", now at version v4 (execution time 00:00.036s)
2023.07.18 16:21:40 INFO  time: initialize in 0.4s[0m
2023.07.18 16:21:41 WARN  Build server is not auto-connectable.[0m
2023.07.18 16:21:41 WARN  no build tool detected in workspace '/home/nguyen/notes/languages/scala'. The most common cause for this problem is that the editor was opened in the wrong working directory, for example if you use sbt then the workspace directory should contain build.sbt. [0m
2023.07.18 16:21:41 WARN  no build target for: /home/nguyen/notes/languages/scala/scripts/basics/tuple.scala[0m
2023.07.18 16:21:44 INFO  no build target found for /home/nguyen/notes/languages/scala/scripts/basics/tuple.scala. Using presentation compiler with project's scala-library version: 3.2.2[0m
Jul 18, 2023 4:21:44 PM org.eclipse.lsp4j.jsonrpc.RemoteEndpoint handleCancellation
WARNING: Unmatched cancel notification for request id 9
Jul 18, 2023 4:21:44 PM org.eclipse.lsp4j.jsonrpc.RemoteEndpoint handleCancellation
WARNING: Unmatched cancel notification for request id 8
2023.07.18 16:21:44 WARN  no build target for: /home/nguyen/notes/languages/scala/scripts/basics/tuple.scala[0m
2023.07.18 16:21:44 INFO  time: code lens generation in 3.31s[0m
2023.07.18 16:21:46 WARN  no build target for: /home/nguyen/notes/languages/scala/scripts/basics/tuple.scala[0m
2023.07.18 16:21:50 WARN  no build target for: /home/nguyen/notes/languages/scala/scripts/basics/tuple.scala[0m
2023.07.18 16:21:51 WARN  no build target for: /home/nguyen/notes/languages/scala/scripts/basics/tuple.scala[0m
2023.07.18 16:21:58 WARN  no build target for: /home/nguyen/notes/languages/scala/scripts/basics/tuple.scala[0m
2023.07.18 16:22:03 WARN  no build target for: /home/nguyen/notes/languages/scala/scripts/basics/tuple.scala[0m
2023.07.18 16:22:11 WARN  no build target for: /home/nguyen/notes/languages/scala/scripts/basics/tuple.scala[0m
2023.07.18 16:22:24 WARN  no build target for: /home/nguyen/notes/languages/scala/scripts/basics/tuple.scala[0m
Jul 18, 2023 4:22:28 PM scala.meta.internal.pc.CompilerAccess handleError
SEVERE: String index out of range: -1
java.lang.StringIndexOutOfBoundsException: String index out of range: -1
	at java.base/java.lang.StringLatin1.charAt(StringLatin1.java:47)
	at java.base/java.lang.String.charAt(String.java:693)
	at scala.collection.StringOps$.apply$extension(StringOps.scala:188)
	at scala.meta.internal.pc.PcCollector.adjust(PcCollector.scala:99)
	at scala.meta.internal.pc.PcDocumentHighlightProvider.collect(PcDocumentHighlightProvider.scala:25)
	at scala.meta.internal.pc.PcDocumentHighlightProvider.collect(PcDocumentHighlightProvider.scala:18)
	at scala.meta.internal.pc.PcCollector.scala$meta$internal$pc$PcCollector$$_$collect$1(PcCollector.scala:330)
	at scala.meta.internal.pc.PcCollector.collectNamesWithParent$1(PcCollector.scala:352)
	at scala.meta.internal.pc.PcCollector.$anonfun$12(PcCollector.scala:424)
	at scala.meta.internal.pc.PcCollector$WithParentTraverser.traverse(PcCollector.scala:502)
	at scala.meta.internal.pc.PcCollector$WithParentTraverser.traverse$$anonfun$1(PcCollector.scala:504)
	at scala.collection.LinearSeqOps.foldLeft(LinearSeq.scala:183)
	at scala.collection.LinearSeqOps.foldLeft$(LinearSeq.scala:179)
	at scala.collection.immutable.List.foldLeft(List.scala:79)
	at scala.meta.internal.pc.PcCollector$WithParentTraverser.traverse(PcCollector.scala:504)
	at scala.meta.internal.pc.PcCollector$DeepFolderWithParent.apply(PcCollector.scala:510)
	at scala.meta.internal.pc.PcCollector.collectNamesWithParent$1$$anonfun$3(PcCollector.scala:427)
	at scala.collection.LinearSeqOps.foldLeft(LinearSeq.scala:183)
	at scala.collection.LinearSeqOps.foldLeft$(LinearSeq.scala:179)
	at scala.collection.immutable.List.foldLeft(List.scala:79)
	at scala.meta.internal.pc.PcCollector.collectNamesWithParent$1(PcCollector.scala:428)
	at scala.meta.internal.pc.PcCollector.$anonfun$14(PcCollector.scala:470)
	at scala.meta.internal.pc.PcCollector$WithParentTraverser.traverse(PcCollector.scala:502)
	at scala.meta.internal.pc.PcCollector$WithParentTraverser.traverse$$anonfun$1(PcCollector.scala:504)
	at scala.collection.LinearSeqOps.foldLeft(LinearSeq.scala:183)
	at scala.collection.LinearSeqOps.foldLeft$(LinearSeq.scala:179)
	at scala.collection.immutable.List.foldLeft(List.scala:79)
	at scala.meta.internal.pc.PcCollector$WithParentTraverser.traverse(PcCollector.scala:504)
	at scala.meta.internal.pc.PcCollector$WithParentTraverser.traverse$$anonfun$1(PcCollector.scala:504)
	at scala.collection.LinearSeqOps.foldLeft(LinearSeq.scala:183)
	at scala.collection.LinearSeqOps.foldLeft$(LinearSeq.scala:179)
	at scala.collection.immutable.List.foldLeft(List.scala:79)
	at scala.meta.internal.pc.PcCollector$WithParentTraverser.traverse(PcCollector.scala:504)
	at scala.meta.internal.pc.PcCollector$WithParentTraverser.traverse$$anonfun$1(PcCollector.scala:504)
	at scala.collection.LinearSeqOps.foldLeft(LinearSeq.scala:183)
	at scala.collection.LinearSeqOps.foldLeft$(LinearSeq.scala:179)
	at scala.collection.immutable.List.foldLeft(List.scala:79)
	at scala.meta.internal.pc.PcCollector$WithParentTraverser.traverse(PcCollector.scala:504)
	at scala.meta.internal.pc.PcCollector$DeepFolderWithParent.apply(PcCollector.scala:510)
	at scala.meta.internal.pc.PcCollector.traverseSought(PcCollector.scala:471)
	at scala.meta.internal.pc.PcCollector.resultWithSought(PcCollector.scala:308)
	at scala.meta.internal.pc.PcCollector.result(PcCollector.scala:248)
	at scala.meta.internal.pc.PcDocumentHighlightProvider.highlights(PcDocumentHighlightProvider.scala:32)

Jul 18, 2023 4:22:28 PM scala.meta.internal.pc.CompilerAccess handleError
SEVERE: String index out of range: -1
java.lang.StringIndexOutOfBoundsException: String index out of range: -1
	at java.base/java.lang.StringLatin1.charAt(StringLatin1.java:47)
	at java.base/java.lang.String.charAt(String.java:693)
	at scala.collection.StringOps$.apply$extension(StringOps.scala:188)
	at scala.meta.internal.pc.PcCollector.adjust(PcCollector.scala:99)
	at scala.meta.internal.pc.PcDocumentHighlightProvider.collect(PcDocumentHighlightProvider.scala:25)
	at scala.meta.internal.pc.PcDocumentHighlightProvider.collect(PcDocumentHighlightProvider.scala:18)
	at scala.meta.internal.pc.PcCollector.scala$meta$internal$pc$PcCollector$$_$collect$1(PcCollector.scala:330)
	at scala.meta.internal.pc.PcCollector.collectNamesWithParent$1(PcCollector.scala:352)
	at scala.meta.internal.pc.PcCollector.$anonfun$12(PcCollector.scala:424)
	at scala.meta.internal.pc.PcCollector$WithParentTraverser.traverse(PcCollector.scala:502)
	at scala.meta.internal.pc.PcCollector$WithParentTraverser.traverse$$anonfun$1(PcCollector.scala:504)
	at scala.collection.LinearSeqOps.foldLeft(LinearSeq.scala:183)
	at scala.collection.LinearSeqOps.foldLeft$(LinearSeq.scala:179)
	at scala.collection.immutable.List.foldLeft(List.scala:79)
	at scala.meta.internal.pc.PcCollector$WithParentTraverser.traverse(PcCollector.scala:504)
	at scala.meta.internal.pc.PcCollector$DeepFolderWithParent.apply(PcCollector.scala:510)
	at scala.meta.internal.pc.PcCollector.collectNamesWithParent$1$$anonfun$3(PcCollector.scala:427)
	at scala.collection.LinearSeqOps.foldLeft(LinearSeq.scala:183)
	at scala.collection.LinearSeqOps.foldLeft$(LinearSeq.scala:179)
	at scala.collection.immutable.List.foldLeft(List.scala:79)
	at scala.meta.internal.pc.PcCollector.collectNamesWithParent$1(PcCollector.scala:428)
	at scala.meta.internal.pc.PcCollector.$anonfun$14(PcCollector.scala:470)
	at scala.meta.internal.pc.PcCollector$WithParentTraverser.traverse(PcCollector.scala:502)
	at scala.meta.internal.pc.PcCollector$WithParentTraverser.traverse$$anonfun$1(PcCollector.scala:504)
	at scala.collection.LinearSeqOps.foldLeft(LinearSeq.scala:183)
	at scala.collection.LinearSeqOps.foldLeft$(LinearSeq.scala:179)
	at scala.collection.immutable.List.foldLeft(List.scala:79)
	at scala.meta.internal.pc.PcCollector$WithParentTraverser.traverse(PcCollector.scala:504)
	at scala.meta.internal.pc.PcCollector$WithParentTraverser.traverse$$anonfun$1(PcCollector.scala:504)
	at scala.collection.LinearSeqOps.foldLeft(LinearSeq.scala:183)
	at scala.collection.LinearSeqOps.foldLeft$(LinearSeq.scala:179)
	at scala.collection.immutable.List.foldLeft(List.scala:79)
	at scala.meta.internal.pc.PcCollector$WithParentTraverser.traverse(PcCollector.scala:504)
	at scala.meta.internal.pc.PcCollector$WithParentTraverser.traverse$$anonfun$1(PcCollector.scala:504)
	at scala.collection.LinearSeqOps.foldLeft(LinearSeq.scala:183)
	at scala.collection.LinearSeqOps.foldLeft$(LinearSeq.scala:179)
	at scala.collection.immutable.List.foldLeft(List.scala:79)
	at scala.meta.internal.pc.PcCollector$WithParentTraverser.traverse(PcCollector.scala:504)
	at scala.meta.internal.pc.PcCollector$DeepFolderWithParent.apply(PcCollector.scala:510)
	at scala.meta.internal.pc.PcCollector.traverseSought(PcCollector.scala:471)
	at scala.meta.internal.pc.PcCollector.resultWithSought(PcCollector.scala:308)
	at scala.meta.internal.pc.PcCollector.result(PcCollector.scala:248)
	at scala.meta.internal.pc.PcDocumentHighlightProvider.highlights(PcDocumentHighlightProvider.scala:32)

2023.07.18 16:22:35 WARN  no build target for: /home/nguyen/notes/languages/scala/scripts/basics/tuple.scala[0m
2023.07.18 16:22:36 WARN  no build target for: /home/nguyen/notes/languages/scala/scripts/basics/tuple.scala[0m
2023.07.18 16:22:39 WARN  no build target for: /home/nguyen/notes/languages/scala/scripts/basics/tuple.scala[0m
2023.07.18 16:22:42 WARN  no build target for: /home/nguyen/notes/languages/scala/scripts/basics/tuple.scala[0m
2023.07.18 16:22:46 WARN  no build target for: /home/nguyen/notes/languages/scala/scripts/basics/tuple.scala[0m
2023.07.18 16:22:48 WARN  no build target for: /home/nguyen/notes/languages/scala/scripts/basics/tuple.scala[0m
2023.07.18 16:22:52 WARN  no build target for: /home/nguyen/notes/languages/scala/scripts/basics/tuple.scala[0m
2023.07.18 16:22:55 WARN  no build target for: /home/nguyen/notes/languages/scala/scripts/basics/tuple.scala[0m
2023.07.18 16:22:56 WARN  no build target for: /home/nguyen/notes/languages/scala/scripts/basics/tuple.scala[0m
2023.07.18 16:23:00 WARN  no build target for: /home/nguyen/notes/languages/scala/scripts/basics/tuple.scala[0m
2023.07.18 16:23:01 WARN  no build target for: /home/nguyen/notes/languages/scala/scripts/basics/tuple.scala[0m
2023.07.18 16:23:04 WARN  no build target for: /home/nguyen/notes/languages/scala/scripts/basics/tuple.scala[0m
2023.07.18 16:23:12 WARN  no build target for: /home/nguyen/notes/languages/scala/scripts/basics/tuple.scala[0m
2023.07.18 16:23:14 WARN  no build target for: /home/nguyen/notes/languages/scala/scripts/basics/tuple.scala[0m
2023.07.18 16:23:18 WARN  no build target for: /home/nguyen/notes/languages/scala/scripts/basics/tuple.scala[0m
2023.07.18 16:23:22 WARN  no build target for: /home/nguyen/notes/languages/scala/scripts/basics/tuple.scala[0m
2023.07.18 16:23:27 WARN  no build target for: /home/nguyen/notes/languages/scala/scripts/basics/tuple.scala[0m
2023.07.18 16:23:29 WARN  no build target for: /home/nguyen/notes/languages/scala/scripts/basics/tuple.scala[0m
2023.07.18 16:23:31 WARN  no build target for: /home/nguyen/notes/languages/scala/scripts/basics/tuple.scala[0m
2023.07.18 16:23:37 WARN  no build target for: /home/nguyen/notes/languages/scala/scripts/basics/tuple.scala[0m
2023.07.18 16:24:04 WARN  no build target for: /home/nguyen/notes/languages/scala/scripts/basics/tuple.scala[0m
2023.07.18 16:24:06 WARN  no build target for: /home/nguyen/notes/languages/scala/scripts/basics/tuple.scala[0m
2023.07.18 16:24:16 WARN  no build target for: /home/nguyen/notes/languages/scala/scripts/basics/tuple.scala[0m
2023.07.18 16:24:18 WARN  no build target for: /home/nguyen/notes/languages/scala/scripts/basics/tuple.scala[0m
Jul 18, 2023 4:24:36 PM org.eclipse.lsp4j.jsonrpc.RemoteEndpoint handleCancellation
WARNING: Unmatched cancel notification for request id 724
2023.07.18 16:25:01 WARN  no build target for: /home/nguyen/notes/languages/scala/scripts/basics/tuple.scala[0m
2023.07.18 16:25:03 WARN  no build target for: /home/nguyen/notes/languages/scala/scripts/basics/tuple.scala[0m
2023.07.18 16:25:06 WARN  no build target for: /home/nguyen/notes/languages/scala/scripts/basics/tuple.scala[0m
2023.07.18 16:25:34 WARN  no build target for: /home/nguyen/notes/languages/scala/scripts/basics/tuple.scala[0m
2023.07.18 16:27:19 WARN  no build target for: /home/nguyen/notes/languages/scala/scripts/basics/tuple.scala[0m
2023.07.18 16:27:21 WARN  no build target for: /home/nguyen/notes/languages/scala/scripts/basics/tuple.scala[0m
2023.07.18 16:28:17 WARN  no build target for: /home/nguyen/notes/languages/scala/scripts/basics/tuple.scala[0m
2023.07.18 16:28:19 WARN  no build target for: /home/nguyen/notes/languages/scala/scripts/basics/tuple.scala[0m
2023.07.18 16:28:23 WARN  no build target for: /home/nguyen/notes/languages/scala/scripts/basics/tuple.scala[0m
2023.07.18 16:28:27 WARN  no build target for: /home/nguyen/notes/languages/scala/scripts/basics/tuple.scala[0m
2023.07.18 16:28:32 WARN  no build target for: /home/nguyen/notes/languages/scala/scripts/basics/tuple.scala[0m
2023.07.18 16:28:35 WARN  no build target for: /home/nguyen/notes/languages/scala/scripts/basics/tuple.scala[0m
2023.07.18 16:28:39 WARN  no build target for: /home/nguyen/notes/languages/scala/scripts/basics/tuple.scala[0m
2023.07.18 16:28:44 WARN  no build target for: /home/nguyen/notes/languages/scala/scripts/basics/tuple.scala[0m
2023.07.18 16:28:47 WARN  no build target for: /home/nguyen/notes/languages/scala/scripts/basics/tuple.scala[0m
2023.07.18 16:28:50 WARN  no build target for: /home/nguyen/notes/languages/scala/scripts/basics/tuple.scala[0m
2023.07.18 16:28:53 WARN  no build target for: /home/nguyen/notes/languages/scala/scripts/basics/tuple.scala[0m
2023.07.18 16:28:56 WARN  no build target for: /home/nguyen/notes/languages/scala/scripts/basics/tuple.scala[0m
2023.07.18 16:28:59 WARN  no build target for: /home/nguyen/notes/languages/scala/scripts/basics/tuple.scala[0m
2023.07.18 16:29:02 WARN  no build target for: /home/nguyen/notes/languages/scala/scripts/basics/tuple.scala[0m
2023.07.18 16:29:06 WARN  no build target for: /home/nguyen/notes/languages/scala/scripts/basics/tuple.scala[0m
2023.07.18 16:29:11 WARN  no build target for: /home/nguyen/notes/languages/scala/scripts/basics/tuple.scala[0m
2023.07.18 16:29:14 WARN  no build target for: /home/nguyen/notes/languages/scala/scripts/basics/tuple.scala[0m
2023.07.18 16:29:18 WARN  no build target for: /home/nguyen/notes/languages/scala/scripts/basics/tuple.scala[0m
2023.07.18 16:29:21 WARN  no build target for: /home/nguyen/notes/languages/scala/scripts/basics/tuple.scala[0m
2023.07.18 16:29:23 WARN  no build target for: /home/nguyen/notes/languages/scala/scripts/basics/tuple.scala[0m
2023.07.18 16:29:33 WARN  no build target for: /home/nguyen/notes/languages/scala/scripts/basics/tuple.scala[0m
2023.07.18 16:29:35 WARN  no build target for: /home/nguyen/notes/languages/scala/scripts/basics/tuple.scala[0m
2023.07.18 16:29:38 WARN  no build target for: /home/nguyen/notes/languages/scala/scripts/basics/tuple.scala[0m
2023.07.18 16:29:40 WARN  no build target for: /home/nguyen/notes/languages/scala/scripts/basics/tuple.scala[0m
2023.07.18 16:29:43 WARN  no build target for: /home/nguyen/notes/languages/scala/scripts/basics/tuple.scala[0m
2023.07.18 16:29:46 WARN  no build target for: /home/nguyen/notes/languages/scala/scripts/basics/tuple.scala[0m
2023.07.18 16:29:50 WARN  no build target for: /home/nguyen/notes/languages/scala/scripts/basics/tuple.scala[0m
2023.07.18 16:29:53 WARN  no build target for: /home/nguyen/notes/languages/scala/scripts/basics/tuple.scala[0m
2023.07.18 16:29:58 WARN  no build target for: /home/nguyen/notes/languages/scala/scripts/basics/tuple.scala[0m
2023.07.18 16:30:00 WARN  no build target for: /home/nguyen/notes/languages/scala/scripts/basics/tuple.scala[0m
2023.07.18 16:30:02 WARN  no build target for: /home/nguyen/notes/languages/scala/scripts/basics/tuple.scala[0m
2023.07.18 16:30:06 WARN  no build target for: /home/nguyen/notes/languages/scala/scripts/basics/tuple.scala[0m
2023.07.18 16:30:24 WARN  no build target for: /home/nguyen/notes/languages/scala/scripts/basics/tuple.scala[0m
Jul 18, 2023 4:31:28 PM org.eclipse.lsp4j.jsonrpc.services.GenericEndpoint notify
INFO: Unsupported notification method: $/setTrace
2023.07.18 16:37:21 ERROR text document: file:///home/nguyen/notes/languages/scala/scripts/basics/tuple.scala
java.nio.file.NoSuchFileException: /home/nguyen/notes/languages/scala/scripts/basics/tuple.scala
	at sun.nio.fs.UnixException.translateToIOException(UnixException.java:92)
	at sun.nio.fs.UnixException.rethrowAsIOException(UnixException.java:111)
	at sun.nio.fs.UnixException.rethrowAsIOException(UnixException.java:116)
	at sun.nio.fs.UnixFileSystemProvider.newByteChannel(UnixFileSystemProvider.java:219)
	at java.nio.file.Files.newByteChannel(Files.java:371)
	at java.nio.file.Files.newByteChannel(Files.java:422)
	at java.nio.file.Files.readAllBytes(Files.java:3206)
	at scala.meta.internal.io.PlatformFileIO$.slurp(PlatformFileIO.scala:45)
	at scala.meta.internal.io.FileIO$.slurp(FileIO.scala:24)
	at scala.meta.internal.metals.InteractiveSemanticdbs.$anonfun$textDocument$2(InteractiveSemanticdbs.scala:90)
	at scala.Option.getOrElse(Option.scala:201)
	at scala.meta.internal.metals.InteractiveSemanticdbs.$anonfun$textDocument$1(InteractiveSemanticdbs.scala:90)
	at java.util.HashMap.compute(HashMap.java:1229)
	at java.util.Collections$SynchronizedMap.compute(Collections.java:2692)
	at scala.meta.internal.metals.InteractiveSemanticdbs.textDocument(InteractiveSemanticdbs.scala:89)
	at scala.meta.internal.metals.InteractiveSemanticdbs.textDocument(InteractiveSemanticdbs.scala:63)
	at scala.meta.internal.metals.AggregateSemanticdbs.loop$1(AggregateSemanticdbs.scala:30)
	at scala.meta.internal.metals.AggregateSemanticdbs.textDocument(AggregateSemanticdbs.scala:36)
	at scala.meta.internal.metals.CodeLensProvider.findLenses(CodeLensProvider.scala:22)
	at scala.meta.internal.metals.MetalsLspService.$anonfun$codeLens$2(MetalsLspService.scala:1780)
	at scala.meta.internal.metals.TimerProvider.timedThunk(TimerProvider.scala:25)
	at scala.meta.internal.metals.MetalsLspService.$anonfun$codeLens$1(MetalsLspService.scala:1778)
	at scala.meta.internal.metals.CancelTokens$.$anonfun$apply$2(CancelTokens.scala:26)
	at scala.concurrent.Future$.$anonfun$apply$1(Future.scala:678)
	at scala.concurrent.impl.Promise$Transformation.run(Promise.scala:467)
	at java.util.concurrent.ThreadPoolExecutor.runWorker(ThreadPoolExecutor.java:1128)
	at java.util.concurrent.ThreadPoolExecutor$Worker.run(ThreadPoolExecutor.java:628)
	at java.lang.Thread.run(Thread.java:829)
[0m
2023.07.18 16:37:29 WARN  no build target for: /home/nguyen/notes/languages/scala/scripts/fizzbuzz.scala[0m
2023.07.18 16:37:41 WARN  no build target for: /home/nguyen/notes/languages/scala/scripts/fizzbuzz.scala[0m
2023.07.18 16:37:45 WARN  no build target for: /home/nguyen/notes/languages/scala/scripts/fizzbuzz.scala[0m
2023.07.18 16:37:50 WARN  no build target for: /home/nguyen/notes/languages/scala/scripts/fizzbuzz.scala[0m
2023.07.18 16:37:54 WARN  no build target for: /home/nguyen/notes/languages/scala/scripts/fizzbuzz.scala[0m
2023.07.18 16:37:56 WARN  no build target for: /home/nguyen/notes/languages/scala/scripts/fizzbuzz.scala[0m
2023.07.18 16:38:00 WARN  no build target for: /home/nguyen/notes/languages/scala/scripts/fizzbuzz.scala[0m
2023.07.18 16:38:20 WARN  no build target for: /home/nguyen/notes/languages/scala/scripts/fizzbuzz.scala[0m
2023.07.18 16:38:22 WARN  no build target for: /home/nguyen/notes/languages/scala/scripts/fizzbuzz.scala[0m
2023.07.18 16:38:25 WARN  no build target for: /home/nguyen/notes/languages/scala/scripts/fizzbuzz.scala[0m
Jul 18, 2023 4:38:28 PM org.eclipse.lsp4j.jsonrpc.RemoteEndpoint handleCancellation
WARNING: Unmatched cancel notification for request id 2268
2023.07.18 16:38:30 WARN  no build target for: /home/nguyen/notes/languages/scala/scripts/fizzbuzz.scala[0m
2023.07.18 16:38:48 WARN  no build target for: /home/nguyen/notes/languages/scala/scripts/fizzbuzz.scala[0m
2023.07.18 16:38:52 WARN  no build target for: /home/nguyen/notes/languages/scala/scripts/fizzbuzz.scala[0m
2023.07.18 16:39:18 WARN  no build target for: /home/nguyen/notes/languages/scala/scripts/fizzbuzz.scala[0m
2023.07.18 16:39:23 WARN  no build target for: /home/nguyen/notes/languages/scala/scripts/fizzbuzz.scala[0m
2023.07.18 16:39:26 WARN  no build target for: /home/nguyen/notes/languages/scala/scripts/fizzbuzz.scala[0m
2023.07.18 16:39:28 WARN  no build target for: /home/nguyen/notes/languages/scala/scripts/fizzbuzz.scala[0m
2023.07.18 16:39:32 WARN  no build target for: /home/nguyen/notes/languages/scala/scripts/fizzbuzz.scala[0m
2023.07.18 16:39:35 WARN  no build target for: /home/nguyen/notes/languages/scala/scripts/fizzbuzz.scala[0m
2023.07.18 16:39:44 WARN  no build target for: /home/nguyen/notes/languages/scala/scripts/fizzbuzz.scala[0m
2023.07.18 16:39:45 WARN  no build target for: /home/nguyen/notes/languages/scala/scripts/fizzbuzz.scala[0m
2023.07.18 16:39:48 WARN  no build target for: /home/nguyen/notes/languages/scala/scripts/fizzbuzz.scala[0m
2023.07.18 16:39:51 WARN  no build target for: /home/nguyen/notes/languages/scala/scripts/fizzbuzz.scala[0m
2023.07.18 16:39:54 WARN  no build target for: /home/nguyen/notes/languages/scala/scripts/fizzbuzz.scala[0m
2023.07.18 16:39:55 WARN  no build target for: /home/nguyen/notes/languages/scala/scripts/fizzbuzz.scala[0m
2023.07.18 16:40:13 WARN  no build target for: /home/nguyen/notes/languages/scala/scripts/fizzbuzz.scala[0m
2023.07.18 16:40:19 WARN  no build target for: /home/nguyen/notes/languages/scala/scripts/fizzbuzz.scala[0m
2023.07.18 16:40:27 WARN  no build target for: /home/nguyen/notes/languages/scala/scripts/fizzbuzz.scala[0m
2023.07.18 16:40:29 WARN  no build target for: /home/nguyen/notes/languages/scala/scripts/fizzbuzz.scala[0m
2023.07.18 16:40:31 WARN  no build target for: /home/nguyen/notes/languages/scala/scripts/fizzbuzz.scala[0m
2023.07.18 16:40:33 WARN  no build target for: /home/nguyen/notes/languages/scala/scripts/fizzbuzz.scala[0m
2023.07.18 16:40:39 WARN  no build target for: /home/nguyen/notes/languages/scala/scripts/fizzbuzz.scala[0m
2023.07.18 16:40:41 WARN  no build target for: /home/nguyen/notes/languages/scala/scripts/fizzbuzz.scala[0m
2023.07.18 16:40:43 WARN  no build target for: /home/nguyen/notes/languages/scala/scripts/fizzbuzz.scala[0m
2023.07.18 16:41:02 WARN  no build target for: /home/nguyen/notes/languages/scala/scripts/fizzbuzz.scala[0m
2023.07.18 16:41:07 WARN  no build target for: /home/nguyen/notes/languages/scala/scripts/fizzbuzz.scala[0m
2023.07.18 16:41:10 WARN  no build target for: /home/nguyen/notes/languages/scala/scripts/fizzbuzz.scala[0m
2023.07.18 16:41:24 WARN  no build target for: /home/nguyen/notes/languages/scala/scripts/fizzbuzz.scala[0m
2023.07.18 16:41:26 WARN  no build target for: /home/nguyen/notes/languages/scala/scripts/fizzbuzz.scala[0m
2023.07.18 16:41:28 WARN  no build target for: /home/nguyen/notes/languages/scala/scripts/fizzbuzz.scala[0m
2023.07.18 16:41:29 WARN  no build target for: /home/nguyen/notes/languages/scala/scripts/fizzbuzz.scala[0m
2023.07.18 16:41:31 WARN  no build target for: /home/nguyen/notes/languages/scala/scripts/fizzbuzz.scala[0m
2023.07.18 16:41:33 WARN  no build target for: /home/nguyen/notes/languages/scala/scripts/fizzbuzz.scala[0m
2023.07.18 16:41:36 WARN  no build target for: /home/nguyen/notes/languages/scala/scripts/fizzbuzz.scala[0m
2023.07.18 16:41:37 WARN  no build target for: /home/nguyen/notes/languages/scala/scripts/fizzbuzz.scala[0m
2023.07.18 16:41:42 WARN  no build target for: /home/nguyen/notes/languages/scala/scripts/fizzbuzz.scala[0m
2023.07.18 16:42:00 WARN  no build target for: /home/nguyen/notes/languages/scala/scripts/fizzbuzz.scala[0m
2023.07.18 16:42:31 WARN  no build target for: /home/nguyen/notes/languages/scala/scripts/fizzbuzz.scala[0m
2023.07.18 16:42:35 WARN  no build target for: /home/nguyen/notes/languages/scala/scripts/fizzbuzz.scala[0m
2023.07.18 16:42:37 WARN  no build target for: /home/nguyen/notes/languages/scala/scripts/fizzbuzz.scala[0m
2023.07.18 16:42:43 WARN  no build target for: /home/nguyen/notes/languages/scala/scripts/fizzbuzz.scala[0m
2023.07.18 16:42:45 WARN  no build target for: /home/nguyen/notes/languages/scala/scripts/fizzbuzz.scala[0m
2023.07.18 16:43:10 WARN  no build target for: /home/nguyen/notes/languages/scala/scripts/fizzbuzz.scala[0m
2023.07.18 16:43:16 WARN  no build target for: /home/nguyen/notes/languages/scala/scripts/fizzbuzz.scala[0m
2023.07.18 16:43:19 WARN  no build target for: /home/nguyen/notes/languages/scala/scripts/fizzbuzz.scala[0m
2023.07.18 16:43:30 WARN  no build target for: /home/nguyen/notes/languages/scala/scripts/fizzbuzz.scala[0m
2023.07.18 16:43:37 WARN  no build target for: /home/nguyen/notes/languages/scala/scripts/fizzbuzz.scala[0m
2023.07.18 16:43:45 WARN  no build target for: /home/nguyen/notes/languages/scala/scripts/fizzbuzz.scala[0m
2023.07.18 16:43:47 WARN  no build target for: /home/nguyen/notes/languages/scala/scripts/fizzbuzz.scala[0m
2023.07.18 16:43:49 WARN  no build target for: /home/nguyen/notes/languages/scala/scripts/fizzbuzz.scala[0m
2023.07.18 16:43:53 WARN  no build target for: /home/nguyen/notes/languages/scala/scripts/fizzbuzz.scala[0m
2023.07.18 16:43:57 WARN  no build target for: /home/nguyen/notes/languages/scala/scripts/fizzbuzz.scala[0m
2023.07.18 16:43:58 WARN  no build target for: /home/nguyen/notes/languages/scala/scripts/fizzbuzz.scala[0m
2023.07.18 16:44:02 WARN  no build target for: /home/nguyen/notes/languages/scala/scripts/fizzbuzz.scala[0m
2023.07.18 16:44:16 WARN  no build target for: /home/nguyen/notes/languages/scala/scripts/fizzbuzz.scala[0m
2023.07.18 16:44:23 WARN  no build target for: /home/nguyen/notes/languages/scala/scripts/fizzbuzz.scala[0m
2023.07.18 16:44:24 WARN  no build target for: /home/nguyen/notes/languages/scala/scripts/fizzbuzz.scala[0m
2023.07.18 16:44:26 WARN  no build target for: /home/nguyen/notes/languages/scala/scripts/fizzbuzz.scala[0m
2023.07.18 16:44:28 WARN  no build target for: /home/nguyen/notes/languages/scala/scripts/fizzbuzz.scala[0m
2023.07.18 16:44:30 WARN  no build target for: /home/nguyen/notes/languages/scala/scripts/fizzbuzz.scala[0m
2023.07.18 16:44:32 WARN  no build target for: /home/nguyen/notes/languages/scala/scripts/fizzbuzz.scala[0m
2023.07.18 16:44:40 WARN  no build target for: /home/nguyen/notes/languages/scala/scripts/fizzbuzz.scala[0m
2023.07.18 16:44:46 WARN  no build target for: /home/nguyen/notes/languages/scala/scripts/fizzbuzz.scala[0m
2023.07.18 16:44:51 WARN  no build target for: /home/nguyen/notes/languages/scala/scripts/fizzbuzz.scala[0m
2023.07.18 16:44:53 WARN  no build target for: /home/nguyen/notes/languages/scala/scripts/fizzbuzz.scala[0m
2023.07.18 16:45:01 WARN  no build target for: /home/nguyen/notes/languages/scala/scripts/fizzbuzz.scala[0m
2023.07.18 16:45:03 WARN  no build target for: /home/nguyen/notes/languages/scala/scripts/fizzbuzz.scala[0m
2023.07.18 16:45:06 WARN  no build target for: /home/nguyen/notes/languages/scala/scripts/fizzbuzz.scala[0m
2023.07.18 16:45:07 WARN  no build target for: /home/nguyen/notes/languages/scala/scripts/fizzbuzz.scala[0m
Jul 18, 2023 4:45:08 PM org.eclipse.lsp4j.jsonrpc.RemoteEndpoint handleCancellation
WARNING: Unmatched cancel notification for request id 4035
2023.07.18 16:45:13 WARN  no build target for: /home/nguyen/notes/languages/scala/scripts/fizzbuzz.scala[0m
2023.07.18 16:45:22 WARN  no build target for: /home/nguyen/notes/languages/scala/scripts/fizzbuzz.scala[0m
2023.07.18 16:45:25 WARN  no build target for: /home/nguyen/notes/languages/scala/scripts/fizzbuzz.scala[0m
2023.07.18 16:45:27 WARN  no build target for: /home/nguyen/notes/languages/scala/scripts/fizzbuzz.scala[0m
2023.07.18 16:45:29 WARN  no build target for: /home/nguyen/notes/languages/scala/scripts/fizzbuzz.scala[0m
2023.07.18 16:45:36 WARN  no build target for: /home/nguyen/notes/languages/scala/scripts/fizzbuzz.scala[0m
2023.07.18 16:45:41 WARN  no build target for: /home/nguyen/notes/languages/scala/scripts/fizzbuzz.scala[0m
2023.07.18 16:45:43 WARN  no build target for: /home/nguyen/notes/languages/scala/scripts/fizzbuzz.scala[0m
2023.07.18 16:47:20 WARN  no build target for: /home/nguyen/notes/languages/scala/scripts/fizzbuzz.scala[0m
2023.07.18 16:47:21 WARN  no build target for: /home/nguyen/notes/languages/scala/scripts/fizzbuzz.scala[0m
2023.07.18 16:47:45 WARN  no build target for: /home/nguyen/notes/languages/scala/scripts/fizzbuzz-comprehension.scala.scala[0m
2023.07.18 16:47:52 WARN  no build target for: /home/nguyen/notes/languages/scala/scripts/fizzbuzz-comprehension.scala[0m
Jul 18, 2023 4:47:57 PM scala.meta.internal.pc.CompilerAccess handleError
SEVERE: Toplevel definition m is defined in
  /home/nguyen/notes/languages/scala/scripts/basics/tuple.scala
and also in
  /home/nguyen/notes/languages/scala/scripts/fizzbuzz.scala
One of these files should be removed from the classpath.
dotty.tools.dotc.core.TypeError: Toplevel definition m is defined in
  /home/nguyen/notes/languages/scala/scripts/basics/tuple.scala
and also in
  /home/nguyen/notes/languages/scala/scripts/fizzbuzz.scala
One of these files should be removed from the classpath.
	at dotty.tools.dotc.core.SymDenotations$PackageClassDenotation.dropStale$1(SymDenotations.scala:2447)
	at dotty.tools.dotc.core.SymDenotations$PackageClassDenotation.recur$5(SymDenotations.scala:2411)
	at dotty.tools.dotc.core.SymDenotations$PackageClassDenotation.computeMembersNamed(SymDenotations.scala:2467)
	at dotty.tools.dotc.core.SymDenotations$ClassDenotation.membersNamed(SymDenotations.scala:2023)
	at dotty.tools.dotc.core.SymDenotations$ClassDenotation.findMember(SymDenotations.scala:2074)
	at dotty.tools.dotc.core.Types$Type.go$1(Types.scala:686)
	at dotty.tools.dotc.core.Types$Type.goThis$1(Types.scala:811)
	at dotty.tools.dotc.core.Types$Type.go$1(Types.scala:703)
	at dotty.tools.dotc.core.Types$Type.findMember(Types.scala:879)
	at dotty.tools.dotc.core.Types$Type.memberBasedOnFlags(Types.scala:669)
	at dotty.tools.dotc.core.Types$Type.member(Types.scala:653)
	at dotty.tools.dotc.core.Types$Type.allMembers$$anonfun$1(Types.scala:1020)
	at scala.runtime.function.JProcedure2.apply(JProcedure2.java:15)
	at scala.runtime.function.JProcedure2.apply(JProcedure2.java:10)
	at dotty.tools.dotc.core.Types$Type.memberDenots$$anonfun$1(Types.scala:925)
	at scala.runtime.function.JProcedure1.apply(JProcedure1.java:15)
	at scala.runtime.function.JProcedure1.apply(JProcedure1.java:10)
	at scala.collection.immutable.BitmapIndexedSetNode.foreach(HashSet.scala:937)
	at scala.collection.immutable.HashSet.foreach(HashSet.scala:944)
	at dotty.tools.dotc.core.Types$Type.memberDenots(Types.scala:925)
	at dotty.tools.dotc.core.Types$Type.allMembers(Types.scala:1020)
	at scala.meta.internal.pc.IndexedContext$.accesibleMembers$1(IndexedContext.scala:149)
	at scala.meta.internal.pc.IndexedContext$.scala$meta$internal$pc$IndexedContext$$$extractNames(IndexedContext.scala:207)
	at scala.meta.internal.pc.IndexedContext$LazyWrapper.<init>(IndexedContext.scala:99)
	at scala.meta.internal.pc.IndexedContext$.apply(IndexedContext.scala:87)
	at scala.meta.internal.pc.completions.CompletionProvider.completions(CompletionProvider.scala:62)

2023.07.18 16:48:02 WARN  no build target for: /home/nguyen/notes/languages/scala/scripts/fizzbuzz-comprehension.scala[0m
2023.07.18 16:48:08 WARN  no build target for: /home/nguyen/notes/languages/scala/scripts/fizzbuzz-comprehension.scala[0m
2023.07.18 16:48:15 WARN  no build target for: /home/nguyen/notes/languages/scala/scripts/fizzbuzz-comprehension.scala[0m
2023.07.18 16:48:18 WARN  no build target for: /home/nguyen/notes/languages/scala/scripts/fizzbuzz-comprehension.scala[0m
2023.07.18 16:48:20 WARN  no build target for: /home/nguyen/notes/languages/scala/scripts/fizzbuzz-comprehension.scala[0m
2023.07.18 16:48:22 WARN  no build target for: /home/nguyen/notes/languages/scala/scripts/fizzbuzz-comprehension.scala[0m
2023.07.18 16:48:25 WARN  no build target for: /home/nguyen/notes/languages/scala/scripts/fizzbuzz-comprehension.scala[0m
2023.07.18 16:48:28 WARN  no build target for: /home/nguyen/notes/languages/scala/scripts/fizzbuzz-comprehension.scala[0m
2023.07.18 16:48:30 WARN  no build target for: /home/nguyen/notes/languages/scala/scripts/fizzbuzz-comprehension.scala[0m
2023.07.18 16:48:34 WARN  no build target for: /home/nguyen/notes/languages/scala/scripts/fizzbuzz-comprehension.scala[0m
2023.07.18 16:48:38 WARN  no build target for: /home/nguyen/notes/languages/scala/scripts/fizzbuzz-comprehension.scala[0m
2023.07.18 16:48:51 WARN  no build target for: /home/nguyen/notes/languages/scala/scripts/fizzbuzz-comprehension.scala[0m
2023.07.18 16:48:55 WARN  no build target for: /home/nguyen/notes/languages/scala/scripts/fizzbuzz-comprehension.scala[0m
2023.07.18 16:49:00 WARN  no build target for: /home/nguyen/notes/languages/scala/scripts/fizzbuzz-comprehension.scala[0m
2023.07.18 16:49:03 WARN  no build target for: /home/nguyen/notes/languages/scala/scripts/fizzbuzz-comprehension.scala[0m
2023.07.18 16:49:22 WARN  no build target for: /home/nguyen/notes/languages/scala/scripts/fizzbuzz-comprehension.scala[0m
2023.07.18 16:49:28 WARN  no build target for: /home/nguyen/notes/languages/scala/scripts/fizzbuzz-comprehension.scala[0m
2023.07.18 16:49:29 WARN  no build target for: /home/nguyen/notes/languages/scala/scripts/fizzbuzz-comprehension.scala[0m
2023.07.18 16:49:31 WARN  no build target for: /home/nguyen/notes/languages/scala/scripts/fizzbuzz-comprehension.scala[0m
2023.07.18 16:55:01 WARN  no build target for: /home/nguyen/notes/languages/scala/scripts/flexibleFizzbuzz.scala[0m
2023.07.18 16:55:08 WARN  no build target for: /home/nguyen/notes/languages/scala/scripts/fizzbuzzComprehension.scala[0m
2023.07.18 17:03:56 INFO  Shutting down server[0m
2023.07.18 17:03:56 INFO  shutting down Metals[0m
2023.07.18 17:03:56 INFO  Exiting server[0m
2023.07.18 21:53:19 INFO  Started: Metals version 0.11.12 in workspace '/home/nguyen/notes/languages/scala' for client Visual Studio Code 1.80.1.
Jul 18, 2023 9:53:19 PM org.flywaydb.core.internal.license.VersionPrinter printVersionOnly
INFO: Flyway Community Edition 9.16.3 by Redgate
Jul 18, 2023 9:53:19 PM org.flywaydb.core.internal.license.VersionPrinter printVersion
INFO: See release notes here: https://rd.gt/416ObMi
Jul 18, 2023 9:53:19 PM org.flywaydb.core.internal.license.VersionPrinter printVersion
INFO: 
Jul 18, 2023 9:53:19 PM org.flywaydb.core.internal.database.base.BaseDatabaseType createDatabase
INFO: Database: jdbc:h2:file:/home/nguyen/notes/languages/scala/.metals/metals (H2 2.1)
Jul 18, 2023 9:53:19 PM org.flywaydb.core.internal.command.DbValidate validate
INFO: Successfully validated 4 migrations (execution time 00:00.014s)
Jul 18, 2023 9:53:19 PM org.flywaydb.core.internal.command.DbMigrate migrateGroup
INFO: Current version of schema "PUBLIC": 4
Jul 18, 2023 9:53:19 PM org.flywaydb.core.internal.command.DbMigrate logSummary
INFO: Schema "PUBLIC" is up to date. No migration necessary.
2023.07.18 21:53:19 INFO  time: initialize in 0.39s
2023.07.18 21:53:21 WARN  Build server is not auto-connectable.
Jul 18, 2023 9:53:21 PM org.eclipse.lsp4j.jsonrpc.RemoteEndpoint handleCancellation
WARNING: Unmatched cancel notification for request id 5
2023.07.18 21:53:21 WARN  no build tool detected in workspace '/home/nguyen/notes/languages/scala'. The most common cause for this problem is that the editor was opened in the wrong working directory, for example if you use sbt then the workspace directory should contain build.sbt. 
2023.07.18 21:53:21 WARN  no build target for: /home/nguyen/notes/languages/scala/scripts/flexibleFizzbuzz.scala
2023.07.18 21:53:23 INFO  no build target found for /home/nguyen/notes/languages/scala/scripts/flexibleFizzbuzz.scala. Using presentation compiler with project's scala-library version: 3.2.2
2023.07.18 21:53:25 INFO  time: code lens generation in 3.88s
2023.07.18 21:56:45 WARN  no build target for: /home/nguyen/notes/languages/scala/scripts/collections/builders.scala
2023.07.18 21:56:53 WARN  no build target for: /home/nguyen/notes/languages/scala/scripts/collections/builders.scala
Jul 18, 2023 9:56:56 PM org.eclipse.lsp4j.jsonrpc.RemoteEndpoint handleCancellation
WARNING: Unmatched cancel notification for request id 65
2023.07.18 21:56:59 WARN  no build target for: /home/nguyen/notes/languages/scala/scripts/collections/builders.scala
2023.07.18 21:57:11 WARN  no build target for: /home/nguyen/notes/languages/scala/scripts/collections/builders.scala
2023.07.18 21:57:12 WARN  no build target for: /home/nguyen/notes/languages/scala/scripts/collections/builders.scala
2023.07.18 21:57:17 WARN  no build target for: /home/nguyen/notes/languages/scala/scripts/collections/builders.scala
2023.07.18 21:57:19 WARN  no build target for: /home/nguyen/notes/languages/scala/scripts/collections/builders.scala
2023.07.18 21:57:23 WARN  no build target for: /home/nguyen/notes/languages/scala/scripts/collections/builders.scala
2023.07.18 21:57:25 WARN  no build target for: /home/nguyen/notes/languages/scala/scripts/collections/builders.scala
2023.07.18 21:57:30 WARN  no build target for: /home/nguyen/notes/languages/scala/scripts/collections/builders.scala
2023.07.18 21:58:42 WARN  no build target for: /home/nguyen/notes/languages/scala/scripts/collections/builders.scala
2023.07.18 21:58:46 WARN  no build target for: /home/nguyen/notes/languages/scala/scripts/collections/builders.scala
2023.07.18 21:58:47 WARN  no build target for: /home/nguyen/notes/languages/scala/scripts/collections/builders.scala
2023.07.18 21:59:24 WARN  no build target for: /home/nguyen/notes/languages/scala/scripts/collections/builders.scala
2023.07.18 21:59:33 WARN  no build target for: /home/nguyen/notes/languages/scala/scripts/collections/builders.scala
Jul 18, 2023 10:00:43 PM org.eclipse.lsp4j.jsonrpc.RemoteEndpoint handleCancellation
WARNING: Unmatched cancel notification for request id 615
2023.07.18 22:01:00 WARN  no build target for: /home/nguyen/notes/languages/scala/scripts/collections/builders.scala
2023.07.18 22:01:10 WARN  no build target for: /home/nguyen/notes/languages/scala/scripts/collections/builders.scala
Jul 18, 2023 10:01:23 PM org.eclipse.lsp4j.jsonrpc.RemoteEndpoint handleCancellation
WARNING: Unmatched cancel notification for request id 910
2023.07.18 22:01:27 WARN  no build target for: /home/nguyen/notes/languages/scala/scripts/collections/builders.scala
2023.07.18 22:02:06 WARN  no build target for: /home/nguyen/notes/languages/scala/scripts/collections/builders.scala
2023.07.18 22:02:11 WARN  no build target for: /home/nguyen/notes/languages/scala/scripts/collections/builders.scala
2023.07.18 22:02:13 WARN  no build target for: /home/nguyen/notes/languages/scala/scripts/collections/builders.scala
Jul 18, 2023 10:02:20 PM org.eclipse.lsp4j.jsonrpc.RemoteEndpoint handleCancellation
WARNING: Unmatched cancel notification for request id 998
2023.07.18 23:13:14 INFO  Shutting down server
2023.07.18 23:13:14 INFO  shutting down Metals
2023.07.18 23:13:14 INFO  Exiting server
